--------------------------------------------------------------------------------
Release 14.7 Trace  (nt64)
Copyright (c) 1995-2013 Xilinx, Inc.  All rights reserved.

G:\Installed\Xilinx\14.7\ISE_DS\ISE\bin\nt64\unwrapped\trce.exe -intstyle ise
-v 3 -s 4 -n 3 -fastpaths -xml TrafficController.twx TrafficController.ncd -o
TrafficController.twr TrafficController.pcf

Design file:              TrafficController.ncd
Physical constraint file: TrafficController.pcf
Device,package,speed:     xc3s500e,fg320,-4 (PRODUCTION 1.27 2013-10-13)
Report level:             verbose report

Environment Variable      Effect 
--------------------      ------ 
NONE                      No environment variables were set
--------------------------------------------------------------------------------

INFO:Timing:2698 - No timing constraints found, doing default enumeration.
INFO:Timing:3412 - To improve timing, see the Timing Closure User Guide (UG612).
INFO:Timing:2752 - To get complete path coverage, use the unconstrained paths 
   option. All paths that are not constrained will be reported in the 
   unconstrained paths section(s) of the report.
INFO:Timing:3339 - The clock-to-out numbers in this timing report are based on 
   a 50 Ohm transmission line loading model.  For the details of this model, 
   and for more information on accounting for different loading conditions, 
   please see the device datasheet.
INFO:Timing:3390 - This architecture does not support a default System Jitter 
   value, please add SYSTEM_JITTER constraint to the UCF to modify the Clock 
   Uncertainty calculation.
INFO:Timing:3389 - This architecture does not support 'Discrete Jitter' and 
   'Phase Error' calculations, these terms will be zero in the Clock 
   Uncertainty calculation.  Please make appropriate modification to 
   SYSTEM_JITTER to account for the unsupported Discrete Jitter and Phase 
   Error.



Data Sheet report:
-----------------
All values displayed in nanoseconds (ns)

Setup/Hold to clock clk
------------------+------------+------------+------------------+--------+
                  |Max Setup to|Max Hold to |                  | Clock  |
Source            | clk (edge) | clk (edge) |Internal Clock(s) | Phase  |
------------------+------------+------------+------------------+--------+
extTimeSelector<0>|    0.693(R)|    0.966(R)|clk_BUFGP         |   0.000|
extTimeSelector<1>|    1.061(R)|    0.989(R)|clk_BUFGP         |   0.000|
extTimeValue<0>   |    0.812(R)|    1.095(R)|clk_BUFGP         |   0.000|
extTimeValue<1>   |    0.816(R)|    0.571(R)|clk_BUFGP         |   0.000|
extTimeValue<2>   |    0.837(R)|    0.555(R)|clk_BUFGP         |   0.000|
extTimeValue<3>   |    0.786(R)|    0.595(R)|clk_BUFGP         |   0.000|
reprogram         |    3.518(R)|    0.733(R)|clk_BUFGP         |   0.000|
sensor            |    0.320(R)|    1.292(R)|clk_BUFGP         |   0.000|
walkRequest       |    3.702(R)|    0.277(R)|clk_BUFGP         |   0.000|
------------------+------------+------------+------------------+--------+

Clock clk to Pad
------------+------------+------------------+--------+
            | clk (edge) |                  | Clock  |
Destination |   to PAD   |Internal Clock(s) | Phase  |
------------+------------+------------------+--------+
W           |    7.424(R)|clk_BUFGP         |   0.000|
------------+------------+------------------+--------+

Clock to Setup on destination clock clk
---------------+---------+---------+---------+---------+
               | Src:Rise| Src:Fall| Src:Rise| Src:Fall|
Source Clock   |Dest:Rise|Dest:Rise|Dest:Fall|Dest:Fall|
---------------+---------+---------+---------+---------+
clk            |    5.467|         |         |         |
---------------+---------+---------+---------+---------+


Analysis completed Wed Jul 04 19:18:34 2018 
--------------------------------------------------------------------------------

Trace Settings:
-------------------------
Trace Settings 

Peak Memory Usage: 173 MB



